<?xml version="1.0" encoding="UTF-8"?>
<!-- Generated by org.testng.reporters.JUnitReportReporter -->
<testsuite skipped="0" name="script.SonyMDRPageDisplay" tests="1" failures="0" timestamp="22 Sep 2017 08:47:32 GMT" time="70.802" errors="0">
  <testcase name="testSonyMDRPageDisplay" time="70.802" classname="script.SonyMDRPageDisplay"/>
</testsuite> <!-- script.SonyMDRPageDisplay -->
