<?xml version="1.0" encoding="UTF-8"?>
<!-- Generated by org.testng.reporters.JUnitReportReporter -->
<testsuite skipped="0" name="script.ShoePageDisplay" tests="1" failures="0" timestamp="22 Sep 2017 08:47:32 GMT" time="51.850" errors="0">
  <testcase name="testShoePageDisplay" time="51.850" classname="script.ShoePageDisplay"/>
</testsuite> <!-- script.ShoePageDisplay -->
