<?xml version="1.0" encoding="UTF-8"?>
<!-- Generated by org.testng.reporters.JUnitReportReporter -->
<testsuite skipped="0" hostname="QSP-005" name="script.VerifySignIn" tests="1" failures="0" timestamp="22 Sep 2017 10:33:41 GMT" time="61.087" errors="0">
  <testcase name="testVerifySignIn" time="61.087" classname="script.VerifySignIn"/>
</testsuite> <!-- script.VerifySignIn -->
