<?xml version="1.0" encoding="UTF-8"?>
<!-- Generated by org.testng.reporters.JUnitReportReporter -->
<testsuite skipped="0" name="script.HeadPhonePageDisplay" tests="1" failures="0" timestamp="22 Sep 2017 08:47:32 GMT" time="53.388" errors="0">
  <testcase name="testHeadphonePageDisplay" time="53.388" classname="script.HeadPhonePageDisplay"/>
</testsuite> <!-- script.HeadPhonePageDisplay -->
